[debug] [2023-11-18T15:01:18.820Z] ----------------------------------------------------------------------
[debug] [2023-11-18T15:01:18.823Z] Command:       C:\Program Files\nodejs\node.exe C:\Users\SCPC619\AppData\Roaming\npm\node_modules\firebase-tools\lib\bin\firebase.js init
[debug] [2023-11-18T15:01:18.823Z] CLI Version:   12.9.1
[debug] [2023-11-18T15:01:18.823Z] Platform:      win32
[debug] [2023-11-18T15:01:18.823Z] Node Version:  v20.9.0
[debug] [2023-11-18T15:01:18.824Z] Time:          Sat Nov 18 2023 11:01:18 GMT-0400 (hora de Bolivia)
[debug] [2023-11-18T15:01:18.824Z] ----------------------------------------------------------------------
[debug] 
[debug] [2023-11-18T15:01:18.830Z] > command requires scopes: ["email","openid","https://www.googleapis.com/auth/cloudplatformprojects.readonly","https://www.googleapis.com/auth/firebase","https://www.googleapis.com/auth/cloud-platform"]
[debug] [2023-11-18T15:01:18.830Z] > authorizing via signed-in user (abrareflo@gmail.com)
[info] 
     ######## #### ########  ######## ########     ###     ######  ########
     ##        ##  ##     ## ##       ##     ##  ##   ##  ##       ##
     ######    ##  ########  ######   ########  #########  ######  ######
     ##        ##  ##    ##  ##       ##     ## ##     ##       ## ##
     ##       #### ##     ## ######## ########  ##     ##  ######  ########

You're about to initialize a Firebase project in this directory:

  C:\Users\SCPC619\Documents\proyectojf\proyectojf

[info] 
=== Project Setup
[info] 
[info] First, let's associate this project directory with a Firebase project.
[info] You can create multiple project aliases by running firebase use --add, 
[info] but for now we'll just set up a default project.
[info] 
[debug] [2023-11-18T15:01:26.691Z] >>> [apiv2][query] GET https://firebase.googleapis.com/v1beta1/projects pageSize=100
[debug] [2023-11-18T15:01:27.586Z] <<< [apiv2][status] GET https://firebase.googleapis.com/v1beta1/projects 200
[debug] [2023-11-18T15:01:27.587Z] <<< [apiv2][body] GET https://firebase.googleapis.com/v1beta1/projects [omitted]
[info] i  Using project proyectojf-b805a (proyectojf) 
[info] 
=== Firestore Setup
[debug] [2023-11-18T15:01:30.884Z] >>> [apiv2][query] GET https://serviceusage.googleapis.com/v1/projects/proyectojf-b805a/services/firestore.googleapis.com [none]
[debug] [2023-11-18T15:01:30.884Z] >>> [apiv2][(partial)header] GET https://serviceusage.googleapis.com/v1/projects/proyectojf-b805a/services/firestore.googleapis.com x-goog-quota-user=projects/proyectojf-b805a
[debug] [2023-11-18T15:01:33.410Z] <<< [apiv2][status] GET https://serviceusage.googleapis.com/v1/projects/proyectojf-b805a/services/firestore.googleapis.com 200
[debug] [2023-11-18T15:01:33.410Z] <<< [apiv2][body] GET https://serviceusage.googleapis.com/v1/projects/proyectojf-b805a/services/firestore.googleapis.com [omitted]
[debug] [2023-11-18T15:01:33.410Z] >>> [apiv2][query] GET https://firestore.googleapis.com/v1/projects/proyectojf-b805a/databases/(default) [none]
[debug] [2023-11-18T15:01:34.576Z] <<< [apiv2][status] GET https://firestore.googleapis.com/v1/projects/proyectojf-b805a/databases/(default) 200
[debug] [2023-11-18T15:01:34.576Z] <<< [apiv2][body] GET https://firestore.googleapis.com/v1/projects/proyectojf-b805a/databases/(default) {"name":"projects/proyectojf-b805a/databases/(default)","uid":"f3220768-c8b9-43a8-a097-3a3096c89576","createTime":"2023-11-18T14:30:37.324521Z","updateTime":"2023-11-18T14:30:37.324521Z","locationId":"nam5","type":"FIRESTORE_NATIVE","concurrencyMode":"PESSIMISTIC","versionRetentionPeriod":"3600s","earliestVersionTime":"2023-11-18T14:30:37.324521Z","appEngineIntegrationMode":"DISABLED","keyPrefix":"s","pointInTimeRecoveryEnablement":"POINT_IN_TIME_RECOVERY_DISABLED","deleteProtectionState":"DELETE_PROTECTION_DISABLED","etag":"IPau+ofnzYIDMP3w24vkzYID"}
[debug] [2023-11-18T15:01:34.576Z] database_type: FIRESTORE_NATIVE
[debug] [2023-11-18T15:01:34.576Z] > command requires scopes: ["email","openid","https://www.googleapis.com/auth/cloudplatformprojects.readonly","https://www.googleapis.com/auth/firebase","https://www.googleapis.com/auth/cloud-platform"]
[debug] [2023-11-18T15:01:34.576Z] > authorizing via signed-in user (abrareflo@gmail.com)
[debug] [2023-11-18T15:01:34.576Z] [iam] checking project proyectojf-b805a for permissions ["firebase.projects.get"]
[debug] [2023-11-18T15:01:34.577Z] >>> [apiv2][query] POST https://cloudresourcemanager.googleapis.com/v1/projects/proyectojf-b805a:testIamPermissions [none]
[debug] [2023-11-18T15:01:34.577Z] >>> [apiv2][(partial)header] POST https://cloudresourcemanager.googleapis.com/v1/projects/proyectojf-b805a:testIamPermissions x-goog-quota-user=projects/proyectojf-b805a
[debug] [2023-11-18T15:01:34.577Z] >>> [apiv2][body] POST https://cloudresourcemanager.googleapis.com/v1/projects/proyectojf-b805a:testIamPermissions {"permissions":["firebase.projects.get"]}
[debug] [2023-11-18T15:01:35.597Z] <<< [apiv2][status] POST https://cloudresourcemanager.googleapis.com/v1/projects/proyectojf-b805a:testIamPermissions 200
[debug] [2023-11-18T15:01:35.597Z] <<< [apiv2][body] POST https://cloudresourcemanager.googleapis.com/v1/projects/proyectojf-b805a:testIamPermissions {"permissions":["firebase.projects.get"]}
[info] 
[info] Firestore Security Rules allow you to define how and when to allow
[info] requests. You can keep these rules in your project directory
[info] and publish them with firebase deploy.
[info] 
[debug] [2023-11-18T15:01:36.816Z] >>> [apiv2][query] GET https://firebaserules.googleapis.com/v1/projects/proyectojf-b805a/releases pageSize=10&pageToken=
[debug] [2023-11-18T15:01:37.800Z] <<< [apiv2][status] GET https://firebaserules.googleapis.com/v1/projects/proyectojf-b805a/releases 200
[debug] [2023-11-18T15:01:37.800Z] <<< [apiv2][body] GET https://firebaserules.googleapis.com/v1/projects/proyectojf-b805a/releases {"releases":[{"name":"projects/proyectojf-b805a/releases/cloud.firestore","rulesetName":"projects/proyectojf-b805a/rulesets/92be19a3-d33e-4e73-9076-617e8aa2ff48","createTime":"2023-11-18T14:30:43.102277Z","updateTime":"2023-11-18T14:30:43.102277Z"}]}
[debug] [2023-11-18T15:01:37.800Z] Found ruleset: projects/proyectojf-b805a/rulesets/92be19a3-d33e-4e73-9076-617e8aa2ff48
[debug] [2023-11-18T15:01:37.800Z] >>> [apiv2][query] GET https://firebaserules.googleapis.com/v1/projects/proyectojf-b805a/rulesets/92be19a3-d33e-4e73-9076-617e8aa2ff48 [none]
[debug] [2023-11-18T15:01:38.634Z] <<< [apiv2][status] GET https://firebaserules.googleapis.com/v1/projects/proyectojf-b805a/rulesets/92be19a3-d33e-4e73-9076-617e8aa2ff48 200
[debug] [2023-11-18T15:01:38.634Z] <<< [apiv2][body] GET https://firebaserules.googleapis.com/v1/projects/proyectojf-b805a/rulesets/92be19a3-d33e-4e73-9076-617e8aa2ff48 [omitted]
[info] 
[info] Firestore indexes allow you to perform complex queries while
[info] maintaining performance that scales with the size of the result
[info] set. You can keep index definitions in your project directory
[info] and publish them with firebase deploy.
[info] 
[debug] [2023-11-18T15:01:39.471Z] >>> [apiv2][query] GET https://firestore.googleapis.com/v1/projects/proyectojf-b805a/databases/(default)/collectionGroups/-/indexes [none]
[debug] [2023-11-18T15:01:39.471Z] >>> [apiv2][query] GET https://firestore.googleapis.com/v1/projects/proyectojf-b805a/databases/(default)/collectionGroups/-/fields?filter=indexConfig.usesAncestorConfig=false OR ttlConfig:* [none]
[debug] [2023-11-18T15:01:39.688Z] <<< [apiv2][status] GET https://firestore.googleapis.com/v1/projects/proyectojf-b805a/databases/(default)/collectionGroups/-/indexes 200
[debug] [2023-11-18T15:01:39.688Z] <<< [apiv2][body] GET https://firestore.googleapis.com/v1/projects/proyectojf-b805a/databases/(default)/collectionGroups/-/indexes {}
[debug] [2023-11-18T15:01:40.578Z] <<< [apiv2][status] GET https://firestore.googleapis.com/v1/projects/proyectojf-b805a/databases/(default)/collectionGroups/-/fields?filter=indexConfig.usesAncestorConfig=false OR ttlConfig:* 200
[debug] [2023-11-18T15:01:40.579Z] <<< [apiv2][body] GET https://firestore.googleapis.com/v1/projects/proyectojf-b805a/databases/(default)/collectionGroups/-/fields?filter=indexConfig.usesAncestorConfig=false OR ttlConfig:* {"fields":[{"name":"projects/proyectojf-b805a/databases/(default)/collectionGroups/__default__/fields/*","indexConfig":{"indexes":[{"queryScope":"COLLECTION","fields":[{"fieldPath":"*","order":"ASCENDING"}],"state":"READY"},{"queryScope":"COLLECTION","fields":[{"fieldPath":"*","order":"DESCENDING"}],"state":"READY"},{"queryScope":"COLLECTION","fields":[{"fieldPath":"*","arrayConfig":"CONTAINS"}],"state":"READY"}]}}]}
[info] 
=== Hosting Setup
[debug] [2023-11-18T15:01:40.584Z] >>> [apiv2][query] GET https://firebase.googleapis.com/v1beta1/projects/proyectojf-b805a [none]
[debug] [2023-11-18T15:01:40.984Z] <<< [apiv2][status] GET https://firebase.googleapis.com/v1beta1/projects/proyectojf-b805a 200
[debug] [2023-11-18T15:01:40.984Z] <<< [apiv2][body] GET https://firebase.googleapis.com/v1beta1/projects/proyectojf-b805a {"projectId":"proyectojf-b805a","projectNumber":"1043781430355","displayName":"proyectojf","name":"projects/proyectojf-b805a","resources":{"hostingSite":"proyectojf-b805a"},"state":"ACTIVE","etag":"1_778369a6-1377-4619-92e5-3be97a0303ba"}
[info] 
[info] Your public directory is the folder (relative to your project directory) that
[info] will contain Hosting assets to be uploaded with firebase deploy. If you
[info] have a build process for your assets, use your build's output directory.
[info] 
[debug] [2023-11-18T15:01:51.471Z] >>> [apiv2][query] GET https://www.gstatic.com/firebasejs/releases.json [none]
[debug] [2023-11-18T15:01:51.661Z] <<< [apiv2][status] GET https://www.gstatic.com/firebasejs/releases.json 200
[debug] [2023-11-18T15:01:51.662Z] <<< [apiv2][body] GET https://www.gstatic.com/firebasejs/releases.json {"current":{"version":"10.6.0","browserURL":"https://www.gstatic.com/firebasejs/10.6.0/firebase.js","packageURL":"https://www.gstatic.com/firebasejs/10.6.0/firebase.tgz"},"live":{"version":"10.6","browserURL":"https://www.gstatic.com/firebasejs/live/10.6/firebase.js","packageURL":"https://www.gstatic.com/firebasejs/live/10.6/firebase.tgz"},"components":{"analytics":"https://www.gstatic.com/firebasejs/10.6.0/firebase-analytics.js","app":"https://www.gstatic.com/firebasejs/10.6.0/firebase-app.js","app-check":"https://www.gstatic.com/firebasejs/10.6.0/firebase-app-check.js","auth":"https://www.gstatic.com/firebasejs/10.6.0/firebase-auth.js","auth/cordova":"https://www.gstatic.com/firebasejs/10.6.0/firebase-auth/cordova.js","functions":"https://www.gstatic.com/firebasejs/10.6.0/firebase-functions.js","firestore":"https://www.gstatic.com/firebasejs/10.6.0/firebase-firestore.js","firestore/lite":"https://www.gstatic.com/firebasejs/10.6.0/firebase-firestore/lite.js","installations":"https://www.gstatic.com/firebasejs/10.6.0/firebase-installations.js","storage":"https://www.gstatic.com/firebasejs/10.6.0/firebase-storage.js","performance":"https://www.gstatic.com/firebasejs/10.6.0/firebase-performance.js","remote-config":"https://www.gstatic.com/firebasejs/10.6.0/firebase-remote-config.js","messaging":"https://www.gstatic.com/firebasejs/10.6.0/firebase-messaging.js","messaging/sw":"https://www.gstatic.com/firebasejs/10.6.0/firebase-messaging/sw.js","database":"https://www.gstatic.com/firebasejs/10.6.0/firebase-database.js","firestore.memory":"https://www.gstatic.com/firebasejs/10.6.0/firebase-firestore.memory.js"}}
[info] +  Wrote public/index.html 
[info] 
[info] i  Detected a .git folder at C:\Users\SCPC619\Documents\proyectojf\proyectojf 
[info] i  Authorizing with GitHub to upload your service account to a GitHub repository's secrets store. 
[info] 
[info] Visit this URL on this device to log in:
[info] https://github.com/login/oauth/authorize?client_id=89cf50f02ac6aaed3484&state=90562003&redirect_uri=http%3A%2F%2Flocalhost%3A9006&scope=read%3Auser%20repo%20public_repo
[info] 
[info] Waiting for authentication...
[debug] [2023-11-18T15:01:52.080Z] >>> [apiv2][query] POST https://github.com/login/oauth/access_token [none]
[debug] [2023-11-18T15:01:52.081Z] >>> [apiv2][body] POST https://github.com/login/oauth/access_token [stream]
[debug] [2023-11-18T15:01:52.549Z] <<< [apiv2][status] POST https://github.com/login/oauth/access_token 200
[debug] [2023-11-18T15:01:52.549Z] <<< [apiv2][body] POST https://github.com/login/oauth/access_token {"access_token":"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","token_type":"bearer","scope":"read:user,repo"}
[debug] [2023-11-18T15:01:52.555Z] >>> [apiv2][query] GET https://api.github.com/user [none]
[debug] [2023-11-18T15:01:53.062Z] <<< [apiv2][status] GET https://api.github.com/user 200
[debug] [2023-11-18T15:01:53.062Z] <<< [apiv2][body] GET https://api.github.com/user {"login":"abrereflo","id":13613146,"node_id":"MDQ6VXNlcjEzNjEzMTQ2","avatar_url":"https://avatars.githubusercontent.com/u/13613146?v=4","gravatar_id":"","url":"https://api.github.com/users/abrereflo","html_url":"https://github.com/abrereflo","followers_url":"https://api.github.com/users/abrereflo/followers","following_url":"https://api.github.com/users/abrereflo/following{/other_user}","gists_url":"https://api.github.com/users/abrereflo/gists{/gist_id}","starred_url":"https://api.github.com/users/abrereflo/starred{/owner}{/repo}","subscriptions_url":"https://api.github.com/users/abrereflo/subscriptions","organizations_url":"https://api.github.com/users/abrereflo/orgs","repos_url":"https://api.github.com/users/abrereflo/repos","events_url":"https://api.github.com/users/abrereflo/events{/privacy}","received_events_url":"https://api.github.com/users/abrereflo/received_events","type":"User","site_admin":false,"name":"Abra Reflo","company":null,"blog":"","location":null,"email":"abrareflo@gmail.com","hireable":null,"bio":null,"twitter_username":null,"public_repos":12,"public_gists":0,"followers":0,"following":3,"created_at":"2015-08-02T17:30:05Z","updated_at":"2023-11-18T14:53:18Z","private_gists":0,"total_private_repos":12,"owned_private_repos":12,"disk_usage":397591,"collaborators":5,"two_factor_authentication":false,"plan":{"name":"free","space":976562499,"collaborators":0,"private_repos":10000}}
[info] 
[info] +  Success! Logged into GitHub as abrereflo 
[info] 
